0 info it worked if it ends with ok
1 verbose cli [ '/Users/mingderwang/.nvm/versions/node/v6.9.5/bin/node',
1 verbose cli   '/Users/mingderwang/.nvm/versions/node/v6.9.5/bin/npm',
1 verbose cli   'start' ]
2 info using npm@3.10.10
3 info using node@v6.9.5
4 verbose stack Error: Invalid version: "kibana"
4 verbose stack     at Object.fixVersionField (/Users/mingderwang/.nvm/versions/node/v6.9.5/lib/node_modules/npm/node_modules/normalize-package-data/lib/fixer.js:191:13)
4 verbose stack     at /Users/mingderwang/.nvm/versions/node/v6.9.5/lib/node_modules/npm/node_modules/normalize-package-data/lib/normalize.js:32:38
4 verbose stack     at Array.forEach (native)
4 verbose stack     at normalize (/Users/mingderwang/.nvm/versions/node/v6.9.5/lib/node_modules/npm/node_modules/normalize-package-data/lib/normalize.js:31:15)
4 verbose stack     at final (/Users/mingderwang/.nvm/versions/node/v6.9.5/lib/node_modules/npm/node_modules/read-package-json/read-json.js:349:5)
4 verbose stack     at then (/Users/mingderwang/.nvm/versions/node/v6.9.5/lib/node_modules/npm/node_modules/read-package-json/read-json.js:124:5)
4 verbose stack     at /Users/mingderwang/.nvm/versions/node/v6.9.5/lib/node_modules/npm/node_modules/read-package-json/read-json.js:311:12
4 verbose stack     at /Users/mingderwang/.nvm/versions/node/v6.9.5/lib/node_modules/npm/node_modules/graceful-fs/graceful-fs.js:78:16
4 verbose stack     at tryToString (fs.js:455:3)
4 verbose stack     at FSReqWrap.readFileAfterClose [as oncomplete] (fs.js:442:12)
5 verbose cwd /Users/mingderwang/src/turboteam/kibana/kibana/src/core_plugins/ming-vis
6 error Darwin 16.4.0
7 error argv "/Users/mingderwang/.nvm/versions/node/v6.9.5/bin/node" "/Users/mingderwang/.nvm/versions/node/v6.9.5/bin/npm" "start"
8 error node v6.9.5
9 error npm  v3.10.10
10 error Invalid version: "kibana"
11 error If you need help, you may report this error at:
11 error     <https://github.com/npm/npm/issues>
12 verbose exit [ 1, true ]
